Building DAG of jobs...
Using shell: /usr/bin/bash
Provided cores: 1 (use --cores to define parallelism)
Rules claiming more threads will be scaled down.
Job stats:
job           count
----------  -------
all               1
plot_graph        1
total             2

Select jobs to execute...

[Sun Nov  3 11:42:00 2024]
rule plot_graph:
    input: shuf.a.bed.gz, data/adjusted_reference.hist
    output: distribution_plot.png
    jobid: 1
    reason: Missing output files: distribution_plot.png
    resources: tmpdir=/tmp

[Sun Nov  3 11:42:07 2024]
Finished job 1.
1 of 2 steps (50%) done
Select jobs to execute...

[Sun Nov  3 11:42:07 2024]
localrule all:
    input: distribution_plot.png
    jobid: 0
    reason: Input files updated by another job: distribution_plot.png
    resources: tmpdir=/tmp

[Sun Nov  3 11:42:07 2024]
Finished job 0.
2 of 2 steps (100%) done
Complete log: .snakemake/log/2024-11-03T114200.334566.snakemake.log
