Building DAG of jobs...
Using shell: /usr/bin/bash
Provided cores: 1 (use --cores to define parallelism)
Rules claiming more threads will be scaled down.
Job stats:
job                              count
-----------------------------  -------
adjust_reference_distribution        1
all                                  1
plot_graph                           1
total                                3

Select jobs to execute...

[Sun Nov  3 11:31:01 2024]
rule adjust_reference_distribution:
    input: reference.hist, data/max_fragment_length.txt
    output: data/adjusted_reference.hist
    jobid: 2
    reason: Missing output files: data/adjusted_reference.hist
    resources: tmpdir=/tmp

Shutting down, this might take some time.
Exiting because a job execution failed. Look above for error message
Complete log: .snakemake/log/2024-11-03T113100.348403.snakemake.log
